<?xml version="1.0" encoding="UTF-8"?>
<!-- Generated by org.testng.reporters.JUnitReportReporter -->
<testsuite hostname="marcocast-HP-Pavilion-dv5-Notebook-PC" name="com.gdg.grep4j.demo.local.MessageDistributionPerformanceTest" tests="5" failures="0" timestamp="25 Feb 2013 22:21:44 GMT" time="0.035" errors="0">
  <testcase name="testConsumer2Latency" time="0.001" classname="com.gdg.grep4j.demo.local.MessageDistributionPerformanceTest"/>
  <testcase name="testConsumer3Latency" time="0.001" classname="com.gdg.grep4j.demo.local.MessageDistributionPerformanceTest"/>
  <testcase name="testConsumer1Latency" time="0.031" classname="com.gdg.grep4j.demo.local.MessageDistributionPerformanceTest"/>
  <testcase name="testConsumer5Latency" time="0.001" classname="com.gdg.grep4j.demo.local.MessageDistributionPerformanceTest"/>
  <testcase name="testConsumer4Latency" time="0.001" classname="com.gdg.grep4j.demo.local.MessageDistributionPerformanceTest"/>
</testsuite> <!-- com.gdg.grep4j.demo.local.MessageDistributionPerformanceTest -->
