<?xml version="1.0" encoding="UTF-8"?>
<!-- Generated by org.testng.reporters.JUnitReportReporter -->
<testsuite hostname="marcocast-HP-Pavilion-dv5-Notebook-PC" name="com.gdg.grep4j.demo.local.MessageDistributionSmokeTest" tests="3" failures="0" timestamp="25 Feb 2013 22:22:02 GMT" time="4.237" errors="0">
  <testcase name="testProducerSentACREATEMessage" time="0.807" classname="com.gdg.grep4j.demo.local.MessageDistributionSmokeTest"/>
  <testcase name="testConsumersReceivedACREATEMessage" time="2.619" classname="com.gdg.grep4j.demo.local.MessageDistributionSmokeTest"/>
  <testcase name="testESBReceivedAndSentACREATEMessage" time="0.811" classname="com.gdg.grep4j.demo.local.MessageDistributionSmokeTest"/>
</testsuite> <!-- com.gdg.grep4j.demo.local.MessageDistributionSmokeTest -->
